Using pre-set license
Built from '2020.3/staging' branch; Version is '2020.3.22f1 (e1a7f79fd887) revision 14788599'; Using compiler version '192528614'; Build Type 'Release'
OS: 'Windows 10 Pro; OS build 19042.1348; Version 2009; 64bit' Language: 'ko' Physical Memory: 32715 MB
BatchMode: 1, IsHumanControllingUs: 0, StartBugReporterOnCrash: 0, Is64bit: 1, IsPro: 0

COMMAND LINE ARGUMENTS:
C:\Program Files\Unity\Hub\Editor\2020.3.22f1\Editor\Unity.exe
-adb2
-batchMode
-noUpm
-name
AssetImportWorker0
-projectPath
F:/UNITY/puzzle_share/Puzzle_Share/puzzle/puzzle
-logFile
Logs/AssetImportWorker0.log
-srvPort
14861
Successfully changed project path to: F:/UNITY/puzzle_share/Puzzle_Share/puzzle/puzzle
F:/UNITY/puzzle_share/Puzzle_Share/puzzle/puzzle
Using Asset Import Pipeline V2.
Refreshing native plugins compatible for Editor in 43.62 ms, found 2 plugins.
Preloading 0 native plugins for Editor in 0.00 ms.
Initialize engine version: 2020.3.22f1 (e1a7f79fd887)
[Subsystems] Discovering subsystems at path C:/Program Files/Unity/Hub/Editor/2020.3.22f1/Editor/Data/Resources/UnitySubsystems
[Subsystems] Discovering subsystems at path F:/UNITY/puzzle_share/Puzzle_Share/puzzle/puzzle/Assets
GfxDevice: creating device client; threaded=0
Direct3D:
    Version:  Direct3D 11.0 [level 11.1]
    Renderer: Radeon RX 580 Series (ID=0x67df)
    Vendor:   
    VRAM:     8171 MB
    Driver:   27.20.22025.1006
Initialize mono
Mono path[0] = 'C:/Program Files/Unity/Hub/Editor/2020.3.22f1/Editor/Data/Managed'
Mono path[1] = 'C:/Program Files/Unity/Hub/Editor/2020.3.22f1/Editor/Data/MonoBleedingEdge/lib/mono/unityjit'
Mono config path = 'C:/Program Files/Unity/Hub/Editor/2020.3.22f1/Editor/Data/MonoBleedingEdge/etc'
Using monoOptions --debugger-agent=transport=dt_socket,embedding=1,server=y,suspend=n,address=127.0.0.1:56428
Begin MonoManager ReloadAssembly
Registering precompiled unity dll's ...
Register platform support module: C:/Program Files/Unity/Hub/Editor/2020.3.22f1/Editor/Data/PlaybackEngines/WebGLSupport/UnityEditor.WebGL.Extensions.dll
Register platform support module: C:/Program Files/Unity/Hub/Editor/2020.3.22f1/Editor/Data/PlaybackEngines/WindowsStandaloneSupport/UnityEditor.WindowsStandalone.Extensions.dll
Registered in 0.002281 seconds.
Native extension for WindowsStandalone target not found
Native extension for WebGL target not found
Refreshing native plugins compatible for Editor in 39.20 ms, found 2 plugins.
Preloading 0 native plugins for Editor in 0.00 ms.
Mono: successfully reloaded assembly
- Completed reload, in  1.646 seconds
Domain Reload Profiling:
	ReloadAssembly (1646ms)
		BeginReloadAssembly (50ms)
			ExecutionOrderSort (0ms)
			DisableScriptedObjects (0ms)
			BackupInstance (0ms)
			ReleaseScriptingObjects (0ms)
			CreateAndSetChildDomain (1ms)
		EndReloadAssembly (361ms)
			LoadAssemblies (48ms)
			RebuildTransferFunctionScriptingTraits (0ms)
			SetupTypeCache (120ms)
			ReleaseScriptCaches (0ms)
			RebuildScriptCaches (23ms)
			SetupLoadedEditorAssemblies (134ms)
				LogAssemblyErrors (0ms)
				InitializePlatformSupportModulesInManaged (4ms)
				SetLoadedEditorAssemblies (0ms)
				RefreshPlugins (39ms)
				BeforeProcessingInitializeOnLoad (7ms)
				ProcessInitializeOnLoadAttributes (62ms)
				ProcessInitializeOnLoadMethodAttributes (21ms)
				AfterProcessingInitializeOnLoad (0ms)
				EditorAssembliesLoaded (0ms)
			ExecutionOrderSort2 (0ms)
			AwakeInstancesAfterBackupRestoration (0ms)
Platform modules already initialized, skipping
Registering precompiled user dll's ...
Registered in 0.003936 seconds.
Begin MonoManager ReloadAssembly
Native extension for WindowsStandalone target not found
Native extension for WebGL target not found
Refreshing native plugins compatible for Editor in 0.62 ms, found 2 plugins.
Preloading 0 native plugins for Editor in 0.00 ms.
Mono: successfully reloaded assembly
- Completed reload, in  0.881 seconds
Domain Reload Profiling:
	ReloadAssembly (882ms)
		BeginReloadAssembly (125ms)
			ExecutionOrderSort (0ms)
			DisableScriptedObjects (4ms)
			BackupInstance (0ms)
			ReleaseScriptingObjects (0ms)
			CreateAndSetChildDomain (18ms)
		EndReloadAssembly (700ms)
			LoadAssemblies (79ms)
			RebuildTransferFunctionScriptingTraits (0ms)
			SetupTypeCache (239ms)
			ReleaseScriptCaches (1ms)
			RebuildScriptCaches (42ms)
			SetupLoadedEditorAssemblies (270ms)
				LogAssemblyErrors (0ms)
				InitializePlatformSupportModulesInManaged (5ms)
				SetLoadedEditorAssemblies (0ms)
				RefreshPlugins (1ms)
				BeforeProcessingInitializeOnLoad (56ms)
				ProcessInitializeOnLoadAttributes (190ms)
				ProcessInitializeOnLoadMethodAttributes (12ms)
				AfterProcessingInitializeOnLoad (7ms)
				EditorAssembliesLoaded (0ms)
			ExecutionOrderSort2 (0ms)
			AwakeInstancesAfterBackupRestoration (5ms)
Platform modules already initialized, skipping
========================================================================
Worker process is ready to serve import requests
Launched and connected shader compiler UnityShaderCompiler.exe after 0.05 seconds
Refreshing native plugins compatible for Editor in 0.64 ms, found 2 plugins.
Preloading 0 native plugins for Editor in 0.00 ms.
Unloading 2092 Unused Serialized files (Serialized files now loaded: 0)
System memory in use before: 96.1 MB.
System memory in use after: 96.2 MB.

Unloading 44 unused Assets to reduce memory usage. Loaded Objects now: 2519.
Total: 2.879400 ms (FindLiveObjects: 0.197900 ms CreateObjectMapping: 0.047300 ms MarkObjects: 2.567900 ms  DeleteObjects: 0.065400 ms)

AssetImportParameters requested are different than current active one (requested -> active):
  custom:framework-win-MediaFoundation: 216162199b28c13a410421893ffa2e32 -> 
  custom:video-decoder-ogg-theora: a1e56fd34408186e4bbccfd4996cb3dc -> 
  custom:container-muxer-webm: aa71ff27fc2769a1b78a27578f13a17b -> 
  custom:container-demuxer-webm: 4f35f7cbe854078d1ac9338744f61a02 -> 
  custom:container-demuxer-ogg: 62fdf1f143b41e24485cea50d1cbac27 -> 
  custom:video-encoder-webm-vp8: eb34c28f22e8b96e1ab97ce403110664 -> 
  custom:video-decoder-webm-vp8: 9c59270c3fd7afecdb556c50c9e8de78 -> 
  custom:audio-decoder-ogg-vorbis: bf7c407c2cedff20999df2af8eb42d56 -> 
  custom:audio-encoder-webm-vorbis: bf7c407c2cedff20999df2af8eb42d56 -> 
========================================================================
Received Import Request.
  path: Assets/Creator Kit - Puzzle/Scenes/UserCreated/newLevel 1Settings.lighting
  artifactKey: Guid(27b622f1e3632524193d2d4c97295776) Importer(815301076,1909f56bfc062723c751e8b465ee728b)
Start importing Assets/Creator Kit - Puzzle/Scenes/UserCreated/newLevel 1Settings.lighting using Guid(27b622f1e3632524193d2d4c97295776) Importer(815301076,1909f56bfc062723c751e8b465ee728b)  -> (artifact id: '11bceb61c0caea71a06e96645849d1f1') in 0.042054 seconds 
  Import took 0.045775 seconds .

========================================================================
Received Import Request.
  Time since last request: 0.000210 seconds.
  path: Assets/Creator Kit - Puzzle/Scenes/UserCreated/newLevel 1.unity
  artifactKey: Guid(9eab5bcbdf3321e4b89b81d740f9431f) Importer(815301076,1909f56bfc062723c751e8b465ee728b)
Start importing Assets/Creator Kit - Puzzle/Scenes/UserCreated/newLevel 1.unity using Guid(9eab5bcbdf3321e4b89b81d740f9431f) Importer(815301076,1909f56bfc062723c751e8b465ee728b)  -> (artifact id: 'af780abd66f42bd4e99f3f45a301a7d7') in 0.006472 seconds 
  Import took 0.009769 seconds .

========================================================================
Received Import Request.
  Time since last request: 6.603328 seconds.
  path: Assets/Creator Kit - Puzzle/Scenes/UserCreated/newLevel.unity
  artifactKey: Guid(6daee96a6e11e17458b3de05f385be65) Importer(815301076,1909f56bfc062723c751e8b465ee728b)
Start importing Assets/Creator Kit - Puzzle/Scenes/UserCreated/newLevel.unity using Guid(6daee96a6e11e17458b3de05f385be65) Importer(815301076,1909f56bfc062723c751e8b465ee728b)  -> (artifact id: '7389bbd936a20e03015f0ba3b8823267') in 0.007478 seconds 
  Import took 0.011241 seconds .

========================================================================
Received Import Request.
  Time since last request: 32.517615 seconds.
  path: Assets/Creator Kit - Puzzle/Scenes/UserCreated
  artifactKey: Guid(74f8138704543c1438fecd191e817a35) Importer(815301076,1909f56bfc062723c751e8b465ee728b)
Start importing Assets/Creator Kit - Puzzle/Scenes/UserCreated using Guid(74f8138704543c1438fecd191e817a35) Importer(815301076,1909f56bfc062723c751e8b465ee728b)  -> (artifact id: 'b72f71522e66cc339878c2e58eeb8072') in 0.006429 seconds 
  Import took 0.009599 seconds .

========================================================================
Received Import Request.
  Time since last request: 12.303606 seconds.
  path: Assets/Creator Kit - Puzzle/Scenes/UserCreated/newMenu.unity
  artifactKey: Guid(a76b8287e447ba5418f3bc91c37189a5) Importer(815301076,1909f56bfc062723c751e8b465ee728b)
Start importing Assets/Creator Kit - Puzzle/Scenes/UserCreated/newMenu.unity using Guid(a76b8287e447ba5418f3bc91c37189a5) Importer(815301076,1909f56bfc062723c751e8b465ee728b)  -> (artifact id: 'd3f12ee44acfbacdcc8a6fa150f7ce66') in 0.005502 seconds 
  Import took 0.008735 seconds .

========================================================================
Received Import Request.
  Time since last request: 48.235997 seconds.
  path: Assets/Creator Kit - Puzzle/Scenes/UserCreated/newLevel 지훈.unity
  artifactKey: Guid(9eab5bcbdf3321e4b89b81d740f9431f) Importer(815301076,1909f56bfc062723c751e8b465ee728b)
Start importing Assets/Creator Kit - Puzzle/Scenes/UserCreated/newLevel 지훈.unity using Guid(9eab5bcbdf3321e4b89b81d740f9431f) Importer(815301076,1909f56bfc062723c751e8b465ee728b)  -> (artifact id: 'b644d9bfa632b0df3a0e0f7d74866293') in 0.005494 seconds 
  Import took 0.008758 seconds .

========================================================================
Received Import Request.
  Time since last request: 3.151679 seconds.
  path: Assets/Creator Kit - Puzzle/Scenes/UserCreated/newLevel 2.unity
  artifactKey: Guid(48dcf6627c2dda14e998adfc9b67a224) Importer(815301076,1909f56bfc062723c751e8b465ee728b)
Start importing Assets/Creator Kit - Puzzle/Scenes/UserCreated/newLevel 2.unity using Guid(48dcf6627c2dda14e998adfc9b67a224) Importer(815301076,1909f56bfc062723c751e8b465ee728b)  -> (artifact id: 'fe31c04ef8662f5483e19585c3c56920') in 0.005484 seconds 
  Import took 0.008595 seconds .

========================================================================
Received Import Request.
  Time since last request: 6.750094 seconds.
  path: Assets/Creator Kit - Puzzle/Scenes/UserCreated/newLevel 병민.unity
  artifactKey: Guid(48dcf6627c2dda14e998adfc9b67a224) Importer(815301076,1909f56bfc062723c751e8b465ee728b)
Start importing Assets/Creator Kit - Puzzle/Scenes/UserCreated/newLevel 병민.unity using Guid(48dcf6627c2dda14e998adfc9b67a224) Importer(815301076,1909f56bfc062723c751e8b465ee728b)  -> (artifact id: '4692f2e63d8b53a4a40ccf35a57a0fd0') in 0.005154 seconds 
  Import took 0.008255 seconds .

========================================================================
Received Import Request.
  Time since last request: 0.914780 seconds.
  path: Assets/Creator Kit - Puzzle/Scenes/UserCreated/newLevelSettings.lighting
  artifactKey: Guid(5e35bc33fc539344dbfcd433a2b5766e) Importer(815301076,1909f56bfc062723c751e8b465ee728b)
Start importing Assets/Creator Kit - Puzzle/Scenes/UserCreated/newLevelSettings.lighting using Guid(5e35bc33fc539344dbfcd433a2b5766e) Importer(815301076,1909f56bfc062723c751e8b465ee728b)  -> (artifact id: '42af2fda3f6a81e572f8a1d879acb9ab') in 0.006241 seconds 
  Import took 0.009912 seconds .

========================================================================
Received Import Request.
  Time since last request: 8.666259 seconds.
  path: Assets/Creator Kit - Puzzle/Scenes/UserCreated/newLevel 정환.unity
  artifactKey: Guid(6daee96a6e11e17458b3de05f385be65) Importer(815301076,1909f56bfc062723c751e8b465ee728b)
Start importing Assets/Creator Kit - Puzzle/Scenes/UserCreated/newLevel 정환.unity using Guid(6daee96a6e11e17458b3de05f385be65) Importer(815301076,1909f56bfc062723c751e8b465ee728b)  -> (artifact id: '54c5ec948f81bbe65b11126569c3f72c') in 0.006168 seconds 
  Import took 0.009563 seconds .

========================================================================
Received Import Request.
  Time since last request: 11.435777 seconds.
  path: Assets/Creator Kit - Puzzle/Scenes/UserCreated/newLevel 지훈Settings.lighting
  artifactKey: Guid(27b622f1e3632524193d2d4c97295776) Importer(815301076,1909f56bfc062723c751e8b465ee728b)
Start importing Assets/Creator Kit - Puzzle/Scenes/UserCreated/newLevel 지훈Settings.lighting using Guid(27b622f1e3632524193d2d4c97295776) Importer(815301076,1909f56bfc062723c751e8b465ee728b)  -> (artifact id: 'f1eb4c3680269386f45826f99c938f14') in 0.006323 seconds 
  Import took 0.009553 seconds .

========================================================================
Received Import Request.
  Time since last request: 1.006743 seconds.
  path: Assets/Creator Kit - Puzzle/Scenes/UserCreated/newLevel 2Settings.lighting
  artifactKey: Guid(190918d0f0c165a41a1272f6111d3c66) Importer(815301076,1909f56bfc062723c751e8b465ee728b)
Start importing Assets/Creator Kit - Puzzle/Scenes/UserCreated/newLevel 2Settings.lighting using Guid(190918d0f0c165a41a1272f6111d3c66) Importer(815301076,1909f56bfc062723c751e8b465ee728b)  -> (artifact id: '9f0958c50a7915fd70c96972d41c3251') in 0.005653 seconds 
  Import took 0.009142 seconds .

========================================================================
Received Import Request.
  Time since last request: 5.895822 seconds.
  path: Assets/Creator Kit - Puzzle/Scenes/UserCreated/newLevel 병민Settings.lighting
  artifactKey: Guid(190918d0f0c165a41a1272f6111d3c66) Importer(815301076,1909f56bfc062723c751e8b465ee728b)
Start importing Assets/Creator Kit - Puzzle/Scenes/UserCreated/newLevel 병민Settings.lighting using Guid(190918d0f0c165a41a1272f6111d3c66) Importer(815301076,1909f56bfc062723c751e8b465ee728b)  -> (artifact id: '10648ca3c90b468fe80c1f7cee97fcf0') in 0.006089 seconds 
  Import took 0.009516 seconds .

========================================================================
Received Import Request.
  Time since last request: 5.873982 seconds.
  path: Assets/Creator Kit - Puzzle/Scenes/UserCreated/newLevel정환Settings.lighting
  artifactKey: Guid(5e35bc33fc539344dbfcd433a2b5766e) Importer(815301076,1909f56bfc062723c751e8b465ee728b)
Start importing Assets/Creator Kit - Puzzle/Scenes/UserCreated/newLevel정환Settings.lighting using Guid(5e35bc33fc539344dbfcd433a2b5766e) Importer(815301076,1909f56bfc062723c751e8b465ee728b)  -> (artifact id: '09842a56def2aeca0bc319825a765fae') in 0.005747 seconds 
  Import took 0.009321 seconds .

========================================================================
Received Import Request.
  Time since last request: 10.630502 seconds.
  path: Assets/Creator Kit - Puzzle/Scenes/UserCreated/newLevel 정환Settings.lighting
  artifactKey: Guid(5e35bc33fc539344dbfcd433a2b5766e) Importer(815301076,1909f56bfc062723c751e8b465ee728b)
Start importing Assets/Creator Kit - Puzzle/Scenes/UserCreated/newLevel 정환Settings.lighting using Guid(5e35bc33fc539344dbfcd433a2b5766e) Importer(815301076,1909f56bfc062723c751e8b465ee728b)  -> (artifact id: '748a4e99aac452cb32536d8c1e7d0e88') in 0.005900 seconds 
  Import took 0.009527 seconds .

AssetImportWorkerClient::OnTransportError - code=2 error=End of file
